{"numFailedTestSuites":0,"numFailedTests":0,"numPassedTestSuites":1,"numPassedTests":1,"numPendingTestSuites":0,"numPendingTests":0,"numRuntimeErrorTestSuites":0,"numTotalTestSuites":1,"numTotalTests":1,"openHandles":[],"snapshot":{"added":0,"didUpdate":false,"failure":false,"filesAdded":0,"filesRemoved":0,"filesUnmatched":0,"filesUpdated":0,"matched":0,"total":0,"unchecked":0,"uncheckedKeysByFile":[],"unmatched":0,"updated":0},"startTime":1568105856255,"success":true,"testResults":[{"console":null,"failureMessage":null,"numFailingTests":0,"numPassingTests":1,"numPendingTests":0,"perfStats":{"end":1568105857092,"start":1568105856699},"snapshot":{"added":0,"fileDeleted":false,"matched":0,"unchecked":0,"unmatched":0,"updated":0,"uncheckedKeys":[]},"testFilePath":"/Users/danny/code/elevation/tests/recursion-lesson-exercises-solutions/tests/exercises/ex-1.test.js","testResults":[{"ancestorTitles":["Exercise 1"],"duration":7,"failureMessages":[],"fullName":"Exercise 1 The function should return the factorial of the argument that has been passed to it","location":null,"numPassingAsserts":0,"status":"passed","title":"The function should return the factorial of the argument that has been passed to it"}],"sourceMaps":{},"skipped":false,"leaks":false}],"wasInterrupted":false}